{"/Users/apmfree/Desktop/CRYPTO-DCA/express-dca/src/accountStatus.ts": {"path":"/Users/apmfree/Desktop/CRYPTO-DCA/express-dca/src/accountStatus.ts","statementMap":{"0":{"start":{"line":1,"column":0},"end":{"line":1,"column":43}},"1":{"start":{"line":2,"column":0},"end":{"line":2,"column":45}},"2":{"start":{"line":3,"column":0},"end":{"line":3,"column":58}},"3":{"start":{"line":10,"column":2},"end":{"line":47,"column":null}},"4":{"start":{"line":11,"column":51},"end":{"line":12,"column":null}},"5":{"start":{"line":14,"column":4},"end":{"line":14,"column":22}},"6":{"start":{"line":15,"column":17},"end":{"line":15,"column":47}},"7":{"start":{"line":16,"column":57},"end":{"line":16,"column":59}},"8":{"start":{"line":18,"column":4},"end":{"line":32,"column":7}},"9":{"start":{"line":19,"column":22},"end":{"line":19,"column":76}},"10":{"start":{"line":20,"column":6},"end":{"line":20,"column":54}},"11":{"start":{"line":21,"column":6},"end":{"line":21,"column":41}},"12":{"start":{"line":24,"column":6},"end":{"line":24,"column":48}},"13":{"start":{"line":25,"column":6},"end":{"line":25,"column":54}},"14":{"start":{"line":27,"column":6},"end":{"line":31,"column":9}},"15":{"start":{"line":33,"column":4},"end":{"line":33,"column":24}},"16":{"start":{"line":36,"column":4},"end":{"line":36,"column":22}},"17":{"start":{"line":37,"column":20},"end":{"line":41,"column":32}},"18":{"start":{"line":42,"column":28},"end":{"line":45,"column":6}},"19":{"start":{"line":46,"column":4},"end":{"line":46,"column":16}},"20":{"start":{"line":7,"column":0},"end":{"line":7,"column":22}}},"fnMap":{"0":{"name":"checkAccountStatus","decl":{"start":{"line":7,"column":22},"end":{"line":7,"column":40}},"loc":{"start":{"line":7,"column":40},"end":{"line":48,"column":null}}},"1":{"name":"(anonymous_10)","decl":{"start":{"line":18,"column":22},"end":{"line":18,"column":23}},"loc":{"start":{"line":18,"column":34},"end":{"line":32,"column":5}}}},"branchMap":{"0":{"loc":{"start":{"line":37,"column":20},"end":{"line":41,"column":32}},"type":"cond-expr","locations":[{"start":{"line":38,"column":8},"end":{"line":38,"column":35}},{"start":{"line":39,"column":8},"end":{"line":41,"column":32}}]},"1":{"loc":{"start":{"line":38,"column":8},"end":{"line":38,"column":35}},"type":"cond-expr","locations":[{"start":{"line":38,"column":21},"end":{"line":38,"column":23}},{"start":{"line":38,"column":21},"end":{"line":38,"column":35}}]},"2":{"loc":{"start":{"line":38,"column":8},"end":{"line":38,"column":23}},"type":"binary-expr","locations":[{"start":{"line":38,"column":8},"end":{"line":38,"column":23}},{"start":{"line":38,"column":21},"end":{"line":38,"column":23}}]},"3":{"loc":{"start":{"line":38,"column":8},"end":{"line":38,"column":21}},"type":"cond-expr","locations":[{"start":{"line":38,"column":11},"end":{"line":38,"column":13}},{"start":{"line":38,"column":8},"end":{"line":38,"column":21}}]},"4":{"loc":{"start":{"line":38,"column":8},"end":{"line":38,"column":13}},"type":"binary-expr","locations":[{"start":{"line":38,"column":8},"end":{"line":38,"column":13}},{"start":{"line":38,"column":8},"end":{"line":38,"column":13}}]},"5":{"loc":{"start":{"line":39,"column":8},"end":{"line":41,"column":32}},"type":"cond-expr","locations":[{"start":{"line":40,"column":8},"end":{"line":40,"column":19}},{"start":{"line":41,"column":8},"end":{"line":41,"column":32}}]}},"s":{"0":1,"1":1,"2":1,"3":2,"4":2,"5":2,"6":2,"7":2,"8":2,"9":6,"10":6,"11":6,"12":6,"13":6,"14":6,"15":2,"16":0,"17":0,"18":0,"19":0,"20":1},"f":{"0":2,"1":6},"b":{"0":[0,0],"1":[0,0],"2":[0,0],"3":[0,0],"4":[0,0],"5":[0,0]}}
,"/Users/apmfree/Desktop/CRYPTO-DCA/express-dca/src/coin.config.ts": {"path":"/Users/apmfree/Desktop/CRYPTO-DCA/express-dca/src/coin.config.ts","statementMap":{"0":{"start":{"line":6,"column":13},"end":{"line":11,"column":2}}},"fnMap":{},"branchMap":{},"s":{"0":1},"f":{},"b":{}}
,"/Users/apmfree/Desktop/CRYPTO-DCA/express-dca/src/env.ts": {"path":"/Users/apmfree/Desktop/CRYPTO-DCA/express-dca/src/env.ts","statementMap":{"0":{"start":{"line":1,"column":0},"end":{"line":1,"column":28}},"1":{"start":{"line":2,"column":0},"end":{"line":2,"column":51}},"2":{"start":{"line":3,"column":0},"end":{"line":3,"column":24}},"3":{"start":{"line":6,"column":22},"end":{"line":7,"column":null}},"4":{"start":{"line":7,"column":13},"end":{"line":7,"column":37}},"5":{"start":{"line":9,"column":2},"end":{"line":15,"column":null}},"6":{"start":{"line":10,"column":30},"end":{"line":13,"column":6}},"7":{"start":{"line":14,"column":4},"end":{"line":14,"column":18}},"8":{"start":{"line":19,"column":2},"end":{"line":21,"column":5}},"9":{"start":{"line":22,"column":2},"end":{"line":22,"column":24}},"10":{"start":{"line":18,"column":0},"end":{"line":18,"column":16}}},"fnMap":{"0":{"name":"validateEnvironment","decl":{"start":{"line":5,"column":9},"end":{"line":5,"column":28}},"loc":{"start":{"line":5,"column":28},"end":{"line":16,"column":1}}},"1":{"name":"(anonymous_2)","decl":{"start":{"line":7,"column":4},"end":{"line":7,"column":5}},"loc":{"start":{"line":7,"column":13},"end":{"line":7,"column":37}}},"2":{"name":"setupEnvironment","decl":{"start":{"line":18,"column":16},"end":{"line":18,"column":32}},"loc":{"start":{"line":18,"column":32},"end":{"line":23,"column":1}}}},"branchMap":{"0":{"loc":{"start":{"line":9,"column":2},"end":{"line":15,"column":null}},"type":"if","locations":[{"start":{"line":9,"column":2},"end":{"line":15,"column":null}}]}},"s":{"0":1,"1":1,"2":1,"3":1,"4":3,"5":1,"6":0,"7":0,"8":1,"9":1,"10":1},"f":{"0":1,"1":3,"2":1},"b":{"0":[0]}}
,"/Users/apmfree/Desktop/CRYPTO-DCA/express-dca/src/getPriceData.ts": {"path":"/Users/apmfree/Desktop/CRYPTO-DCA/express-dca/src/getPriceData.ts","statementMap":{"0":{"start":{"line":1,"column":0},"end":{"line":1,"column":43}},"1":{"start":{"line":2,"column":0},"end":{"line":2,"column":45}},"2":{"start":{"line":3,"column":0},"end":{"line":3,"column":58}},"3":{"start":{"line":9,"column":2},"end":{"line":32,"column":null}},"4":{"start":{"line":10,"column":47},"end":{"line":11,"column":null}},"5":{"start":{"line":13,"column":32},"end":{"line":13,"column":58}},"6":{"start":{"line":15,"column":4},"end":{"line":18,"column":6}},"7":{"start":{"line":21,"column":4},"end":{"line":21,"column":22}},"8":{"start":{"line":22,"column":20},"end":{"line":26,"column":32}},"9":{"start":{"line":27,"column":28},"end":{"line":30,"column":6}},"10":{"start":{"line":31,"column":4},"end":{"line":31,"column":16}},"11":{"start":{"line":6,"column":0},"end":{"line":6,"column":22}}},"fnMap":{"0":{"name":"getPriceData","decl":{"start":{"line":6,"column":22},"end":{"line":6,"column":34}},"loc":{"start":{"line":7,"column":19},"end":{"line":33,"column":null}}}},"branchMap":{"0":{"loc":{"start":{"line":22,"column":20},"end":{"line":26,"column":32}},"type":"cond-expr","locations":[{"start":{"line":23,"column":8},"end":{"line":23,"column":35}},{"start":{"line":24,"column":8},"end":{"line":26,"column":32}}]},"1":{"loc":{"start":{"line":23,"column":8},"end":{"line":23,"column":35}},"type":"cond-expr","locations":[{"start":{"line":23,"column":21},"end":{"line":23,"column":23}},{"start":{"line":23,"column":21},"end":{"line":23,"column":35}}]},"2":{"loc":{"start":{"line":23,"column":8},"end":{"line":23,"column":23}},"type":"binary-expr","locations":[{"start":{"line":23,"column":8},"end":{"line":23,"column":23}},{"start":{"line":23,"column":21},"end":{"line":23,"column":23}}]},"3":{"loc":{"start":{"line":23,"column":8},"end":{"line":23,"column":21}},"type":"cond-expr","locations":[{"start":{"line":23,"column":11},"end":{"line":23,"column":13}},{"start":{"line":23,"column":8},"end":{"line":23,"column":21}}]},"4":{"loc":{"start":{"line":23,"column":8},"end":{"line":23,"column":13}},"type":"binary-expr","locations":[{"start":{"line":23,"column":8},"end":{"line":23,"column":13}},{"start":{"line":23,"column":8},"end":{"line":23,"column":13}}]},"5":{"loc":{"start":{"line":24,"column":8},"end":{"line":26,"column":32}},"type":"cond-expr","locations":[{"start":{"line":25,"column":8},"end":{"line":25,"column":19}},{"start":{"line":26,"column":8},"end":{"line":26,"column":32}}]}},"s":{"0":1,"1":1,"2":1,"3":7,"4":7,"5":6,"6":6,"7":1,"8":1,"9":1,"10":1,"11":1},"f":{"0":7},"b":{"0":[1,0],"1":[0,1],"2":[1,1],"3":[0,1],"4":[1,1],"5":[0,0]}}
,"/Users/apmfree/Desktop/CRYPTO-DCA/express-dca/src/purchase.ts": {"path":"/Users/apmfree/Desktop/CRYPTO-DCA/express-dca/src/purchase.ts","statementMap":{"0":{"start":{"line":1,"column":0},"end":{"line":1,"column":43}},"1":{"start":{"line":2,"column":0},"end":{"line":2,"column":34}},"2":{"start":{"line":3,"column":0},"end":{"line":3,"column":45}},"3":{"start":{"line":4,"column":0},"end":{"line":4,"column":58}},"4":{"start":{"line":5,"column":0},"end":{"line":5,"column":null}},"5":{"start":{"line":11,"column":0},"end":{"line":11,"column":44}},"6":{"start":{"line":14,"column":27},"end":{"line":14,"column":29}},"7":{"start":{"line":15,"column":2},"end":{"line":17,"column":null}},"8":{"start":{"line":16,"column":4},"end":{"line":16,"column":63}},"9":{"start":{"line":18,"column":2},"end":{"line":21,"column":4}},"10":{"start":{"line":13,"column":0},"end":{"line":13,"column":22}},"11":{"start":{"line":25,"column":41},"end":{"line":34,"column":4}},"12":{"start":{"line":36,"column":2},"end":{"line":57,"column":null}},"13":{"start":{"line":38,"column":6},"end":{"line":38,"column":67}},"14":{"start":{"line":39,"column":4},"end":{"line":39,"column":21}},"15":{"start":{"line":40,"column":18},"end":{"line":40,"column":55}},"16":{"start":{"line":41,"column":4},"end":{"line":41,"column":35}},"17":{"start":{"line":42,"column":4},"end":{"line":42,"column":106}},"18":{"start":{"line":45,"column":4},"end":{"line":45,"column":22}},"19":{"start":{"line":46,"column":20},"end":{"line":50,"column":32}},"20":{"start":{"line":51,"column":28},"end":{"line":54,"column":6}},"21":{"start":{"line":55,"column":4},"end":{"line":55,"column":16}},"22":{"start":{"line":56,"column":4},"end":{"line":56,"column":19}},"23":{"start":{"line":24,"column":0},"end":{"line":24,"column":22}},"24":{"start":{"line":62,"column":20},"end":{"line":62,"column":54}},"25":{"start":{"line":63,"column":2},"end":{"line":70,"column":null}},"26":{"start":{"line":64,"column":28},"end":{"line":67,"column":6}},"27":{"start":{"line":68,"column":4},"end":{"line":68,"column":16}},"28":{"start":{"line":69,"column":4},"end":{"line":69,"column":45}},"29":{"start":{"line":73,"column":20},"end":{"line":73,"column":73}},"30":{"start":{"line":76,"column":21},"end":{"line":76,"column":70}},"31":{"start":{"line":78,"column":41},"end":{"line":89,"column":4}},"32":{"start":{"line":91,"column":2},"end":{"line":125,"column":null}},"33":{"start":{"line":93,"column":6},"end":{"line":93,"column":67}},"34":{"start":{"line":94,"column":4},"end":{"line":94,"column":22}},"35":{"start":{"line":95,"column":18},"end":{"line":95,"column":55}},"36":{"start":{"line":96,"column":4},"end":{"line":96,"column":35}},"37":{"start":{"line":98,"column":4},"end":{"line":109,"column":null}},"38":{"start":{"line":102,"column":10},"end":{"line":102,"column":15}},"39":{"start":{"line":104,"column":6},"end":{"line":108,"column":21}},"40":{"start":{"line":110,"column":4},"end":{"line":110,"column":35}},"41":{"start":{"line":113,"column":4},"end":{"line":113,"column":22}},"42":{"start":{"line":114,"column":20},"end":{"line":118,"column":32}},"43":{"start":{"line":119,"column":28},"end":{"line":122,"column":6}},"44":{"start":{"line":123,"column":4},"end":{"line":123,"column":16}},"45":{"start":{"line":124,"column":4},"end":{"line":124,"column":19}},"46":{"start":{"line":60,"column":0},"end":{"line":60,"column":22}}},"fnMap":{"0":{"name":"purchaseCrypto","decl":{"start":{"line":13,"column":22},"end":{"line":13,"column":36}},"loc":{"start":{"line":13,"column":36},"end":{"line":22,"column":null}}},"1":{"name":"marketBuy","decl":{"start":{"line":24,"column":22},"end":{"line":24,"column":31}},"loc":{"start":{"line":24,"column":54},"end":{"line":58,"column":null}}},"2":{"name":"limitOrderBuy","decl":{"start":{"line":60,"column":22},"end":{"line":60,"column":35}},"loc":{"start":{"line":60,"column":58},"end":{"line":126,"column":null}}}},"branchMap":{"0":{"loc":{"start":{"line":46,"column":20},"end":{"line":50,"column":32}},"type":"cond-expr","locations":[{"start":{"line":47,"column":8},"end":{"line":47,"column":35}},{"start":{"line":48,"column":8},"end":{"line":50,"column":32}}]},"1":{"loc":{"start":{"line":47,"column":8},"end":{"line":47,"column":35}},"type":"cond-expr","locations":[{"start":{"line":47,"column":21},"end":{"line":47,"column":23}},{"start":{"line":47,"column":21},"end":{"line":47,"column":35}}]},"2":{"loc":{"start":{"line":47,"column":8},"end":{"line":47,"column":23}},"type":"binary-expr","locations":[{"start":{"line":47,"column":8},"end":{"line":47,"column":23}},{"start":{"line":47,"column":21},"end":{"line":47,"column":23}}]},"3":{"loc":{"start":{"line":47,"column":8},"end":{"line":47,"column":21}},"type":"cond-expr","locations":[{"start":{"line":47,"column":11},"end":{"line":47,"column":13}},{"start":{"line":47,"column":8},"end":{"line":47,"column":21}}]},"4":{"loc":{"start":{"line":47,"column":8},"end":{"line":47,"column":13}},"type":"binary-expr","locations":[{"start":{"line":47,"column":8},"end":{"line":47,"column":13}},{"start":{"line":47,"column":8},"end":{"line":47,"column":13}}]},"5":{"loc":{"start":{"line":48,"column":8},"end":{"line":50,"column":32}},"type":"cond-expr","locations":[{"start":{"line":49,"column":8},"end":{"line":49,"column":19}},{"start":{"line":50,"column":8},"end":{"line":50,"column":32}}]},"6":{"loc":{"start":{"line":63,"column":2},"end":{"line":70,"column":null}},"type":"if","locations":[{"start":{"line":63,"column":2},"end":{"line":70,"column":null}}]},"7":{"loc":{"start":{"line":63,"column":6},"end":{"line":63,"column":42}},"type":"binary-expr","locations":[{"start":{"line":63,"column":6},"end":{"line":63,"column":16}},{"start":{"line":63,"column":20},"end":{"line":63,"column":42}}]},"8":{"loc":{"start":{"line":98,"column":4},"end":{"line":109,"column":null}},"type":"if","locations":[{"start":{"line":98,"column":4},"end":{"line":109,"column":null}}]},"9":{"loc":{"start":{"line":107,"column":8},"end":{"line":107,"column":42}},"type":"binary-expr","locations":[{"start":{"line":107,"column":8},"end":{"line":107,"column":36}},{"start":{"line":107,"column":40},"end":{"line":107,"column":42}}]},"10":{"loc":{"start":{"line":107,"column":8},"end":{"line":107,"column":36}},"type":"cond-expr","locations":[{"start":{"line":107,"column":23},"end":{"line":107,"column":25}},{"start":{"line":107,"column":8},"end":{"line":107,"column":36}}]},"11":{"loc":{"start":{"line":107,"column":8},"end":{"line":107,"column":25}},"type":"binary-expr","locations":[{"start":{"line":107,"column":8},"end":{"line":107,"column":25}},{"start":{"line":107,"column":8},"end":{"line":107,"column":25}}]},"12":{"loc":{"start":{"line":114,"column":20},"end":{"line":118,"column":32}},"type":"cond-expr","locations":[{"start":{"line":115,"column":8},"end":{"line":115,"column":35}},{"start":{"line":116,"column":8},"end":{"line":118,"column":32}}]},"13":{"loc":{"start":{"line":115,"column":8},"end":{"line":115,"column":35}},"type":"cond-expr","locations":[{"start":{"line":115,"column":21},"end":{"line":115,"column":23}},{"start":{"line":115,"column":21},"end":{"line":115,"column":35}}]},"14":{"loc":{"start":{"line":115,"column":8},"end":{"line":115,"column":23}},"type":"binary-expr","locations":[{"start":{"line":115,"column":8},"end":{"line":115,"column":23}},{"start":{"line":115,"column":21},"end":{"line":115,"column":23}}]},"15":{"loc":{"start":{"line":115,"column":8},"end":{"line":115,"column":21}},"type":"cond-expr","locations":[{"start":{"line":115,"column":11},"end":{"line":115,"column":13}},{"start":{"line":115,"column":8},"end":{"line":115,"column":21}}]},"16":{"loc":{"start":{"line":115,"column":8},"end":{"line":115,"column":13}},"type":"binary-expr","locations":[{"start":{"line":115,"column":8},"end":{"line":115,"column":13}},{"start":{"line":115,"column":8},"end":{"line":115,"column":13}}]},"17":{"loc":{"start":{"line":116,"column":8},"end":{"line":118,"column":32}},"type":"cond-expr","locations":[{"start":{"line":117,"column":8},"end":{"line":117,"column":19}},{"start":{"line":118,"column":8},"end":{"line":118,"column":32}}]}},"s":{"0":1,"1":1,"2":1,"3":1,"4":1,"5":1,"6":2,"7":2,"8":2,"9":2,"10":1,"11":2,"12":2,"13":2,"14":1,"15":1,"16":1,"17":1,"18":1,"19":1,"20":1,"21":1,"22":1,"23":1,"24":4,"25":4,"26":0,"27":0,"28":0,"29":4,"30":4,"31":4,"32":4,"33":4,"34":2,"35":2,"36":2,"37":2,"38":2,"39":2,"40":0,"41":2,"42":2,"43":2,"44":2,"45":2,"46":1},"f":{"0":2,"1":2,"2":4},"b":{"0":[1,0],"1":[0,1],"2":[1,1],"3":[0,1],"4":[1,1],"5":[0,0],"6":[0],"7":[4,4],"8":[2],"9":[2,0],"10":[0,2],"11":[2,2],"12":[2,0],"13":[0,2],"14":[2,2],"15":[0,2],"16":[2,2],"17":[0,0]}}
,"/Users/apmfree/Desktop/CRYPTO-DCA/express-dca/src/utils.ts": {"path":"/Users/apmfree/Desktop/CRYPTO-DCA/express-dca/src/utils.ts","statementMap":{"0":{"start":{"line":1,"column":0},"end":{"line":1,"column":null}},"1":{"start":{"line":2,"column":2},"end":{"line":2,"column":null}},"2":{"start":{"line":3,"column":2},"end":{"line":3,"column":null}},"3":{"start":{"line":4,"column":2},"end":{"line":4,"column":null}},"4":{"start":{"line":13,"column":2},"end":{"line":13,"column":53}},"5":{"start":{"line":14,"column":2},"end":{"line":14,"column":22}},"6":{"start":{"line":12,"column":0},"end":{"line":12,"column":16}},"7":{"start":{"line":18,"column":2},"end":{"line":18,"column":59}},"8":{"start":{"line":18,"column":34},"end":{"line":18,"column":57}},"9":{"start":{"line":17,"column":0},"end":{"line":17,"column":16}}},"fnMap":{"0":{"name":"(anonymous_0)","decl":{"start":{"line":1,"column":0},"end":{"line":1,"column":12}},"loc":{"start":{"line":1,"column":20},"end":{"line":5,"column":1}}},"1":{"name":"panic","decl":{"start":{"line":12,"column":16},"end":{"line":12,"column":21}},"loc":{"start":{"line":12,"column":51},"end":{"line":15,"column":1}}},"2":{"name":"sleep","decl":{"start":{"line":17,"column":16},"end":{"line":17,"column":21}},"loc":{"start":{"line":17,"column":32},"end":{"line":19,"column":1}}},"3":{"name":"(anonymous_3)","decl":{"start":{"line":18,"column":21},"end":{"line":18,"column":22}},"loc":{"start":{"line":18,"column":34},"end":{"line":18,"column":57}}}},"branchMap":{"0":{"loc":{"start":{"line":1,"column":12},"end":{"line":1,"column":null}},"type":"binary-expr","locations":[{"start":{"line":1,"column":12},"end":{"line":1,"column":20}},{"start":{"line":1,"column":12},"end":{"line":1,"column":null}}]}},"s":{"0":1,"1":1,"2":1,"3":1,"4":0,"5":0,"6":1,"7":5,"8":5,"9":1},"f":{"0":1,"1":0,"2":5,"3":5},"b":{"0":[1,1]}}
,"/Users/apmfree/Desktop/CRYPTO-DCA/express-dca/src/axios/config.ts": {"path":"/Users/apmfree/Desktop/CRYPTO-DCA/express-dca/src/axios/config.ts","statementMap":{"0":{"start":{"line":1,"column":0},"end":{"line":1,"column":56}},"1":{"start":{"line":2,"column":0},"end":{"line":2,"column":54}},"2":{"start":{"line":5,"column":22},"end":{"line":8,"column":2}},"3":{"start":{"line":39,"column":8},"end":{"line":39,"column":21}},"4":{"start":{"line":10,"column":0},"end":{"line":37,"column":2}},"5":{"start":{"line":13,"column":4},"end":{"line":13,"column":37}},"6":{"start":{"line":14,"column":4},"end":{"line":14,"column":56}},"7":{"start":{"line":15,"column":4},"end":{"line":15,"column":35}},"8":{"start":{"line":16,"column":19},"end":{"line":16,"column":47}},"9":{"start":{"line":17,"column":15},"end":{"line":17,"column":67}},"10":{"start":{"line":19,"column":35},"end":{"line":22,"column":null}},"11":{"start":{"line":25,"column":4},"end":{"line":25,"column":47}},"12":{"start":{"line":26,"column":4},"end":{"line":26,"column":58}},"13":{"start":{"line":27,"column":4},"end":{"line":27,"column":49}},"14":{"start":{"line":28,"column":4},"end":{"line":28,"column":64}},"15":{"start":{"line":29,"column":4},"end":{"line":29,"column":60}},"16":{"start":{"line":30,"column":4},"end":{"line":30,"column":63}},"17":{"start":{"line":31,"column":4},"end":{"line":31,"column":68}},"18":{"start":{"line":32,"column":4},"end":{"line":32,"column":18}},"19":{"start":{"line":35,"column":4},"end":{"line":35,"column":33}}},"fnMap":{"0":{"name":"(anonymous_1)","decl":{"start":{"line":11,"column":2},"end":{"line":11,"column":3}},"loc":{"start":{"line":11,"column":63},"end":{"line":33,"column":3}}},"1":{"name":"(anonymous_2)","decl":{"start":{"line":34,"column":2},"end":{"line":34,"column":3}},"loc":{"start":{"line":34,"column":12},"end":{"line":36,"column":3}}}},"branchMap":{"0":{"loc":{"start":{"line":14,"column":26},"end":{"line":14,"column":54}},"type":"cond-expr","locations":[{"start":{"line":14,"column":39},"end":{"line":14,"column":41}},{"start":{"line":14,"column":39},"end":{"line":14,"column":54}}]},"1":{"loc":{"start":{"line":14,"column":26},"end":{"line":14,"column":41}},"type":"binary-expr","locations":[{"start":{"line":14,"column":26},"end":{"line":14,"column":41}},{"start":{"line":14,"column":39},"end":{"line":14,"column":41}}]},"2":{"loc":{"start":{"line":16,"column":19},"end":{"line":16,"column":47}},"type":"cond-expr","locations":[{"start":{"line":16,"column":32},"end":{"line":16,"column":34}},{"start":{"line":16,"column":32},"end":{"line":16,"column":47}}]},"3":{"loc":{"start":{"line":16,"column":19},"end":{"line":16,"column":34}},"type":"binary-expr","locations":[{"start":{"line":16,"column":19},"end":{"line":16,"column":34}},{"start":{"line":16,"column":32},"end":{"line":16,"column":34}}]},"4":{"loc":{"start":{"line":17,"column":15},"end":{"line":17,"column":67}},"type":"cond-expr","locations":[{"start":{"line":17,"column":35},"end":{"line":17,"column":62}},{"start":{"line":17,"column":65},"end":{"line":17,"column":67}}]},"5":{"loc":{"start":{"line":20,"column":6},"end":{"line":20,"column":43}},"type":"binary-expr","locations":[{"start":{"line":20,"column":6},"end":{"line":20,"column":34}},{"start":{"line":20,"column":38},"end":{"line":20,"column":43}}]},"6":{"loc":{"start":{"line":20,"column":6},"end":{"line":20,"column":34}},"type":"cond-expr","locations":[{"start":{"line":20,"column":19},"end":{"line":20,"column":21}},{"start":{"line":20,"column":19},"end":{"line":20,"column":34}}]},"7":{"loc":{"start":{"line":20,"column":6},"end":{"line":20,"column":21}},"type":"binary-expr","locations":[{"start":{"line":20,"column":6},"end":{"line":20,"column":21}},{"start":{"line":20,"column":19},"end":{"line":20,"column":21}}]}},"s":{"0":1,"1":1,"2":1,"3":1,"4":1,"5":15,"6":15,"7":15,"8":15,"9":15,"10":15,"11":15,"12":15,"13":15,"14":15,"15":15,"16":15,"17":15,"18":15,"19":0},"f":{"0":15,"1":0},"b":{"0":[0,15],"1":[15,15],"2":[0,15],"3":[15,15],"4":[6,9],"5":[15,0],"6":[0,15],"7":[15,15]}}
,"/Users/apmfree/Desktop/CRYPTO-DCA/express-dca/src/axios/generateSignature.ts": {"path":"/Users/apmfree/Desktop/CRYPTO-DCA/express-dca/src/axios/generateSignature.ts","statementMap":{"0":{"start":{"line":1,"column":0},"end":{"line":1,"column":33}},"1":{"start":{"line":2,"column":0},"end":{"line":2,"column":22}},"2":{"start":{"line":13,"column":20},"end":{"line":13,"column":60}},"3":{"start":{"line":14,"column":15},"end":{"line":14,"column":47}},"4":{"start":{"line":15,"column":14},"end":{"line":15,"column":53}},"5":{"start":{"line":16,"column":14},"end":{"line":16,"column":53}},"6":{"start":{"line":17,"column":2},"end":{"line":17,"column":37}},"7":{"start":{"line":5,"column":0},"end":{"line":5,"column":16}},"8":{"start":{"line":21,"column":15},"end":{"line":21,"column":47}},"9":{"start":{"line":22,"column":2},"end":{"line":22,"column":25}}},"fnMap":{"0":{"name":"generateSignature","decl":{"start":{"line":5,"column":16},"end":{"line":5,"column":33}},"loc":{"start":{"line":8,"column":21},"end":{"line":18,"column":1}}},"1":{"name":"sign","decl":{"start":{"line":20,"column":9},"end":{"line":20,"column":13}},"loc":{"start":{"line":20,"column":41},"end":{"line":23,"column":1}}}},"branchMap":{"0":{"loc":{"start":{"line":16,"column":24},"end":{"line":16,"column":52}},"type":"binary-expr","locations":[{"start":{"line":16,"column":24},"end":{"line":16,"column":46}},{"start":{"line":16,"column":50},"end":{"line":16,"column":52}}]}},"s":{"0":1,"1":1,"2":15,"3":15,"4":15,"5":15,"6":15,"7":1,"8":15,"9":15},"f":{"0":15,"1":15},"b":{"0":[15,0]}}
,"/Users/apmfree/Desktop/CRYPTO-DCA/express-dca/src/mocks/constants.ts": {"path":"/Users/apmfree/Desktop/CRYPTO-DCA/express-dca/src/mocks/constants.ts","statementMap":{"0":{"start":{"line":1,"column":13},"end":{"line":1,"column":78}},"1":{"start":{"line":2,"column":13},"end":{"line":3,"column":55}},"2":{"start":{"line":4,"column":13},"end":{"line":5,"column":57}}},"fnMap":{},"branchMap":{},"s":{"0":1,"1":1,"2":1},"f":{},"b":{}}
,"/Users/apmfree/Desktop/CRYPTO-DCA/express-dca/src/mocks/handlers.ts": {"path":"/Users/apmfree/Desktop/CRYPTO-DCA/express-dca/src/mocks/handlers.ts","statementMap":{"0":{"start":{"line":1,"column":0},"end":{"line":1,"column":null}},"1":{"start":{"line":8,"column":0},"end":{"line":8,"column":75}},"2":{"start":{"line":9,"column":0},"end":{"line":9,"column":49}},"3":{"start":{"line":10,"column":0},"end":{"line":10,"column":74}},"4":{"start":{"line":12,"column":13},"end":{"line":30,"column":2}},"5":{"start":{"line":17,"column":6},"end":{"line":17,"column":52}},"6":{"start":{"line":23,"column":26},"end":{"line":23,"column":55}},"7":{"start":{"line":24,"column":6},"end":{"line":27,"column":79}},"8":{"start":{"line":25,"column":8},"end":{"line":25,"column":52}},"9":{"start":{"line":27,"column":8},"end":{"line":27,"column":79}}},"fnMap":{"0":{"name":"(anonymous_0)","decl":{"start":{"line":16,"column":4},"end":{"line":16,"column":5}},"loc":{"start":{"line":16,"column":71},"end":{"line":18,"column":5}}},"1":{"name":"(anonymous_1)","decl":{"start":{"line":22,"column":4},"end":{"line":22,"column":5}},"loc":{"start":{"line":22,"column":71},"end":{"line":28,"column":5}}}},"branchMap":{"0":{"loc":{"start":{"line":24,"column":6},"end":{"line":27,"column":79}},"type":"if","locations":[{"start":{"line":24,"column":6},"end":{"line":27,"column":79}},{"start":{"line":27,"column":8},"end":{"line":27,"column":79}}]}},"s":{"0":1,"1":1,"2":1,"3":1,"4":1,"5":2,"6":7,"7":7,"8":6,"9":1},"f":{"0":2,"1":7},"b":{"0":[6,1]}}
,"/Users/apmfree/Desktop/CRYPTO-DCA/express-dca/src/mocks/mockData.ts": {"path":"/Users/apmfree/Desktop/CRYPTO-DCA/express-dca/src/mocks/mockData.ts","statementMap":{"0":{"start":{"line":3,"column":13},"end":{"line":57,"column":2}},"1":{"start":{"line":59,"column":13},"end":{"line":88,"column":2}}},"fnMap":{},"branchMap":{},"s":{"0":1,"1":1},"f":{},"b":{}}
,"/Users/apmfree/Desktop/CRYPTO-DCA/express-dca/src/mocks/orderResponse.ts": {"path":"/Users/apmfree/Desktop/CRYPTO-DCA/express-dca/src/mocks/orderResponse.ts","statementMap":{"0":{"start":{"line":8,"column":32},"end":{"line":65,"column":1}},"1":{"start":{"line":13,"column":2},"end":{"line":63,"column":null}},"2":{"start":{"line":15,"column":24},"end":{"line":15,"column":56}},"3":{"start":{"line":16,"column":25},"end":{"line":16,"column":58}},"4":{"start":{"line":17,"column":30},"end":{"line":17,"column":68}},"5":{"start":{"line":18,"column":4},"end":{"line":19,"column":70}},"6":{"start":{"line":19,"column":6},"end":{"line":19,"column":70}},"7":{"start":{"line":21,"column":4},"end":{"line":62,"column":null}},"8":{"start":{"line":22,"column":6},"end":{"line":40,"column":8}},"9":{"start":{"line":41,"column":11},"end":{"line":62,"column":null}},"10":{"start":{"line":42,"column":6},"end":{"line":61,"column":8}},"11":{"start":{"line":64,"column":2},"end":{"line":64,"column":66}},"12":{"start":{"line":8,"column":13},"end":{"line":8,"column":32}}},"fnMap":{"0":{"name":"(anonymous_0)","decl":{"start":{"line":8,"column":32},"end":{"line":8,"column":null}},"loc":{"start":{"line":12,"column":37},"end":{"line":65,"column":1}}}},"branchMap":{"0":{"loc":{"start":{"line":13,"column":2},"end":{"line":63,"column":null}},"type":"if","locations":[{"start":{"line":13,"column":2},"end":{"line":63,"column":null}}]},"1":{"loc":{"start":{"line":13,"column":6},"end":{"line":13,"column":61}},"type":"binary-expr","locations":[{"start":{"line":13,"column":6},"end":{"line":13,"column":32}},{"start":{"line":13,"column":36},"end":{"line":13,"column":61}}]},"2":{"loc":{"start":{"line":13,"column":6},"end":{"line":13,"column":32}},"type":"cond-expr","locations":[{"start":{"line":13,"column":15},"end":{"line":13,"column":17}},{"start":{"line":13,"column":15},"end":{"line":13,"column":32}}]},"3":{"loc":{"start":{"line":13,"column":6},"end":{"line":13,"column":17}},"type":"binary-expr","locations":[{"start":{"line":13,"column":6},"end":{"line":13,"column":17}},{"start":{"line":13,"column":15},"end":{"line":13,"column":17}}]},"4":{"loc":{"start":{"line":13,"column":6},"end":{"line":13,"column":15}},"type":"cond-expr","locations":[{"start":{"line":13,"column":9},"end":{"line":13,"column":11}},{"start":{"line":13,"column":6},"end":{"line":13,"column":15}}]},"5":{"loc":{"start":{"line":13,"column":6},"end":{"line":13,"column":11}},"type":"binary-expr","locations":[{"start":{"line":13,"column":6},"end":{"line":13,"column":11}},{"start":{"line":13,"column":6},"end":{"line":13,"column":11}}]},"6":{"loc":{"start":{"line":13,"column":36},"end":{"line":13,"column":51}},"type":"cond-expr","locations":[{"start":{"line":13,"column":45},"end":{"line":13,"column":47}},{"start":{"line":13,"column":45},"end":{"line":13,"column":51}}]},"7":{"loc":{"start":{"line":13,"column":36},"end":{"line":13,"column":47}},"type":"binary-expr","locations":[{"start":{"line":13,"column":36},"end":{"line":13,"column":47}},{"start":{"line":13,"column":45},"end":{"line":13,"column":47}}]},"8":{"loc":{"start":{"line":13,"column":36},"end":{"line":13,"column":45}},"type":"cond-expr","locations":[{"start":{"line":13,"column":39},"end":{"line":13,"column":41}},{"start":{"line":13,"column":36},"end":{"line":13,"column":45}}]},"9":{"loc":{"start":{"line":13,"column":36},"end":{"line":13,"column":41}},"type":"binary-expr","locations":[{"start":{"line":13,"column":36},"end":{"line":13,"column":41}},{"start":{"line":13,"column":36},"end":{"line":13,"column":41}}]},"10":{"loc":{"start":{"line":18,"column":4},"end":{"line":19,"column":70}},"type":"if","locations":[{"start":{"line":18,"column":4},"end":{"line":19,"column":70}}]},"11":{"loc":{"start":{"line":18,"column":8},"end":{"line":18,"column":59}},"type":"binary-expr","locations":[{"start":{"line":18,"column":8},"end":{"line":18,"column":26}},{"start":{"line":18,"column":30},"end":{"line":18,"column":43}},{"start":{"line":18,"column":47},"end":{"line":18,"column":59}}]},"12":{"loc":{"start":{"line":21,"column":4},"end":{"line":62,"column":null}},"type":"if","locations":[{"start":{"line":21,"column":4},"end":{"line":62,"column":null}},{"start":{"line":41,"column":11},"end":{"line":62,"column":null}}]},"13":{"loc":{"start":{"line":21,"column":8},"end":{"line":21,"column":68}},"type":"cond-expr","locations":[{"start":{"line":21,"column":56},"end":{"line":21,"column":58}},{"start":{"line":21,"column":56},"end":{"line":21,"column":68}}]},"14":{"loc":{"start":{"line":21,"column":8},"end":{"line":21,"column":58}},"type":"binary-expr","locations":[{"start":{"line":21,"column":8},"end":{"line":21,"column":58}},{"start":{"line":21,"column":56},"end":{"line":21,"column":58}}]},"15":{"loc":{"start":{"line":21,"column":8},"end":{"line":21,"column":56}},"type":"cond-expr","locations":[{"start":{"line":21,"column":37},"end":{"line":21,"column":39}},{"start":{"line":21,"column":37},"end":{"line":21,"column":56}}]},"16":{"loc":{"start":{"line":21,"column":8},"end":{"line":21,"column":39}},"type":"binary-expr","locations":[{"start":{"line":21,"column":8},"end":{"line":21,"column":39}},{"start":{"line":21,"column":37},"end":{"line":21,"column":39}}]},"17":{"loc":{"start":{"line":21,"column":8},"end":{"line":21,"column":37}},"type":"cond-expr","locations":[{"start":{"line":21,"column":16},"end":{"line":21,"column":18}},{"start":{"line":21,"column":16},"end":{"line":21,"column":37}}]},"18":{"loc":{"start":{"line":21,"column":8},"end":{"line":21,"column":18}},"type":"binary-expr","locations":[{"start":{"line":21,"column":8},"end":{"line":21,"column":18}},{"start":{"line":21,"column":16},"end":{"line":21,"column":18}}]},"19":{"loc":{"start":{"line":36,"column":16},"end":{"line":36,"column":75}},"type":"cond-expr","locations":[{"start":{"line":36,"column":63},"end":{"line":36,"column":65}},{"start":{"line":36,"column":63},"end":{"line":36,"column":75}}]},"20":{"loc":{"start":{"line":36,"column":16},"end":{"line":36,"column":65}},"type":"binary-expr","locations":[{"start":{"line":36,"column":16},"end":{"line":36,"column":65}},{"start":{"line":36,"column":63},"end":{"line":36,"column":65}}]},"21":{"loc":{"start":{"line":36,"column":16},"end":{"line":36,"column":63}},"type":"cond-expr","locations":[{"start":{"line":36,"column":44},"end":{"line":36,"column":46}},{"start":{"line":36,"column":44},"end":{"line":36,"column":63}}]},"22":{"loc":{"start":{"line":36,"column":16},"end":{"line":36,"column":46}},"type":"binary-expr","locations":[{"start":{"line":36,"column":16},"end":{"line":36,"column":46}},{"start":{"line":36,"column":44},"end":{"line":36,"column":46}}]},"23":{"loc":{"start":{"line":41,"column":11},"end":{"line":62,"column":null}},"type":"if","locations":[{"start":{"line":41,"column":11},"end":{"line":62,"column":null}}]},"24":{"loc":{"start":{"line":41,"column":15},"end":{"line":41,"column":72}},"type":"cond-expr","locations":[{"start":{"line":41,"column":61},"end":{"line":41,"column":63}},{"start":{"line":41,"column":61},"end":{"line":41,"column":72}}]},"25":{"loc":{"start":{"line":41,"column":15},"end":{"line":41,"column":63}},"type":"binary-expr","locations":[{"start":{"line":41,"column":15},"end":{"line":41,"column":63}},{"start":{"line":41,"column":61},"end":{"line":41,"column":63}}]},"26":{"loc":{"start":{"line":41,"column":15},"end":{"line":41,"column":61}},"type":"cond-expr","locations":[{"start":{"line":41,"column":44},"end":{"line":41,"column":46}},{"start":{"line":41,"column":44},"end":{"line":41,"column":61}}]},"27":{"loc":{"start":{"line":41,"column":15},"end":{"line":41,"column":46}},"type":"binary-expr","locations":[{"start":{"line":41,"column":15},"end":{"line":41,"column":46}},{"start":{"line":41,"column":44},"end":{"line":41,"column":46}}]},"28":{"loc":{"start":{"line":41,"column":15},"end":{"line":41,"column":44}},"type":"cond-expr","locations":[{"start":{"line":41,"column":23},"end":{"line":41,"column":25}},{"start":{"line":41,"column":23},"end":{"line":41,"column":44}}]},"29":{"loc":{"start":{"line":41,"column":15},"end":{"line":41,"column":25}},"type":"binary-expr","locations":[{"start":{"line":41,"column":15},"end":{"line":41,"column":25}},{"start":{"line":41,"column":23},"end":{"line":41,"column":25}}]},"30":{"loc":{"start":{"line":57,"column":16},"end":{"line":57,"column":74}},"type":"cond-expr","locations":[{"start":{"line":57,"column":61},"end":{"line":57,"column":63}},{"start":{"line":57,"column":61},"end":{"line":57,"column":74}}]},"31":{"loc":{"start":{"line":57,"column":16},"end":{"line":57,"column":63}},"type":"binary-expr","locations":[{"start":{"line":57,"column":16},"end":{"line":57,"column":63}},{"start":{"line":57,"column":61},"end":{"line":57,"column":63}}]},"32":{"loc":{"start":{"line":57,"column":16},"end":{"line":57,"column":61}},"type":"cond-expr","locations":[{"start":{"line":57,"column":44},"end":{"line":57,"column":46}},{"start":{"line":57,"column":44},"end":{"line":57,"column":61}}]},"33":{"loc":{"start":{"line":57,"column":16},"end":{"line":57,"column":46}},"type":"binary-expr","locations":[{"start":{"line":57,"column":16},"end":{"line":57,"column":46}},{"start":{"line":57,"column":44},"end":{"line":57,"column":46}}]}},"s":{"0":1,"1":3,"2":3,"3":3,"4":3,"5":3,"6":0,"7":3,"8":1,"9":2,"10":2,"11":0,"12":1},"f":{"0":3},"b":{"0":[3],"1":[3,3],"2":[0,3],"3":[3,3],"4":[0,3],"5":[3,3],"6":[0,3],"7":[3,3],"8":[0,3],"9":[3,3],"10":[0],"11":[3,3,3],"12":[1,2],"13":[2,1],"14":[3,3],"15":[0,3],"16":[3,3],"17":[0,3],"18":[3,3],"19":[0,1],"20":[1,1],"21":[0,1],"22":[1,1],"23":[2],"24":[0,2],"25":[2,2],"26":[0,2],"27":[2,2],"28":[0,2],"29":[2,2],"30":[0,2],"31":[2,2],"32":[0,2],"33":[2,2]}}
,"/Users/apmfree/Desktop/CRYPTO-DCA/express-dca/src/mocks/server.ts": {"path":"/Users/apmfree/Desktop/CRYPTO-DCA/express-dca/src/mocks/server.ts","statementMap":{"0":{"start":{"line":1,"column":0},"end":{"line":1,"column":37}},"1":{"start":{"line":2,"column":0},"end":{"line":2,"column":36}},"2":{"start":{"line":4,"column":13},"end":{"line":4,"column":47}}},"fnMap":{},"branchMap":{},"s":{"0":1,"1":1,"2":1},"f":{},"b":{}}
}
