{"/Users/apmfree/Desktop/CRYPTO-DCA/express-dca/src/coin.config.ts": {"path":"/Users/apmfree/Desktop/CRYPTO-DCA/express-dca/src/coin.config.ts","statementMap":{"0":{"start":{"line":6,"column":13},"end":{"line":11,"column":2}}},"fnMap":{},"branchMap":{},"s":{"0":1},"f":{},"b":{}}
,"/Users/apmfree/Desktop/CRYPTO-DCA/express-dca/src/env.ts": {"path":"/Users/apmfree/Desktop/CRYPTO-DCA/express-dca/src/env.ts","statementMap":{"0":{"start":{"line":1,"column":0},"end":{"line":1,"column":28}},"1":{"start":{"line":2,"column":0},"end":{"line":2,"column":24}},"2":{"start":{"line":3,"column":0},"end":{"line":3,"column":51}},"3":{"start":{"line":6,"column":22},"end":{"line":7,"column":null}},"4":{"start":{"line":7,"column":13},"end":{"line":7,"column":37}},"5":{"start":{"line":9,"column":2},"end":{"line":15,"column":null}},"6":{"start":{"line":10,"column":30},"end":{"line":13,"column":6}},"7":{"start":{"line":14,"column":4},"end":{"line":14,"column":18}},"8":{"start":{"line":19,"column":2},"end":{"line":21,"column":5}},"9":{"start":{"line":22,"column":2},"end":{"line":22,"column":24}},"10":{"start":{"line":18,"column":0},"end":{"line":18,"column":16}}},"fnMap":{"0":{"name":"validateEnvironment","decl":{"start":{"line":5,"column":9},"end":{"line":5,"column":28}},"loc":{"start":{"line":5,"column":28},"end":{"line":16,"column":1}}},"1":{"name":"(anonymous_2)","decl":{"start":{"line":7,"column":4},"end":{"line":7,"column":5}},"loc":{"start":{"line":7,"column":13},"end":{"line":7,"column":37}}},"2":{"name":"setupEnvironment","decl":{"start":{"line":18,"column":16},"end":{"line":18,"column":32}},"loc":{"start":{"line":18,"column":32},"end":{"line":23,"column":1}}}},"branchMap":{"0":{"loc":{"start":{"line":9,"column":2},"end":{"line":15,"column":null}},"type":"if","locations":[{"start":{"line":9,"column":2},"end":{"line":15,"column":null}}]}},"s":{"0":1,"1":1,"2":1,"3":1,"4":3,"5":1,"6":0,"7":0,"8":1,"9":1,"10":1},"f":{"0":1,"1":3,"2":1},"b":{"0":[0]}}
,"/Users/apmfree/Desktop/CRYPTO-DCA/express-dca/src/purchase.ts": {"path":"/Users/apmfree/Desktop/CRYPTO-DCA/express-dca/src/purchase.ts","statementMap":{"0":{"start":{"line":1,"column":0},"end":{"line":1,"column":43}},"1":{"start":{"line":2,"column":0},"end":{"line":2,"column":45}},"2":{"start":{"line":3,"column":0},"end":{"line":3,"column":58}},"3":{"start":{"line":4,"column":0},"end":{"line":4,"column":null}},"4":{"start":{"line":12,"column":27},"end":{"line":12,"column":29}},"5":{"start":{"line":13,"column":2},"end":{"line":15,"column":null}},"6":{"start":{"line":14,"column":4},"end":{"line":14,"column":59}},"7":{"start":{"line":16,"column":2},"end":{"line":19,"column":4}},"8":{"start":{"line":11,"column":0},"end":{"line":11,"column":22}},"9":{"start":{"line":23,"column":41},"end":{"line":28,"column":4}},"10":{"start":{"line":30,"column":2},"end":{"line":51,"column":null}},"11":{"start":{"line":31,"column":49},"end":{"line":33,"column":null}},"12":{"start":{"line":35,"column":4},"end":{"line":35,"column":22}},"13":{"start":{"line":36,"column":18},"end":{"line":36,"column":31}},"14":{"start":{"line":37,"column":4},"end":{"line":37,"column":83}},"15":{"start":{"line":40,"column":20},"end":{"line":44,"column":32}},"16":{"start":{"line":45,"column":28},"end":{"line":48,"column":6}},"17":{"start":{"line":49,"column":4},"end":{"line":49,"column":16}},"18":{"start":{"line":50,"column":4},"end":{"line":50,"column":19}},"19":{"start":{"line":22,"column":0},"end":{"line":22,"column":22}}},"fnMap":{"0":{"name":"purchaseCrypto","decl":{"start":{"line":11,"column":22},"end":{"line":11,"column":36}},"loc":{"start":{"line":11,"column":36},"end":{"line":20,"column":null}}},"1":{"name":"marketBuy","decl":{"start":{"line":22,"column":22},"end":{"line":22,"column":31}},"loc":{"start":{"line":22,"column":54},"end":{"line":52,"column":null}}}},"branchMap":{"0":{"loc":{"start":{"line":40,"column":20},"end":{"line":44,"column":32}},"type":"cond-expr","locations":[{"start":{"line":41,"column":8},"end":{"line":41,"column":35}},{"start":{"line":42,"column":8},"end":{"line":44,"column":32}}]},"1":{"loc":{"start":{"line":41,"column":8},"end":{"line":41,"column":35}},"type":"cond-expr","locations":[{"start":{"line":41,"column":21},"end":{"line":41,"column":23}},{"start":{"line":41,"column":21},"end":{"line":41,"column":35}}]},"2":{"loc":{"start":{"line":41,"column":8},"end":{"line":41,"column":23}},"type":"binary-expr","locations":[{"start":{"line":41,"column":8},"end":{"line":41,"column":23}},{"start":{"line":41,"column":21},"end":{"line":41,"column":23}}]},"3":{"loc":{"start":{"line":41,"column":8},"end":{"line":41,"column":21}},"type":"cond-expr","locations":[{"start":{"line":41,"column":11},"end":{"line":41,"column":13}},{"start":{"line":41,"column":8},"end":{"line":41,"column":21}}]},"4":{"loc":{"start":{"line":41,"column":8},"end":{"line":41,"column":13}},"type":"binary-expr","locations":[{"start":{"line":41,"column":8},"end":{"line":41,"column":13}},{"start":{"line":41,"column":8},"end":{"line":41,"column":13}}]},"5":{"loc":{"start":{"line":42,"column":8},"end":{"line":44,"column":32}},"type":"cond-expr","locations":[{"start":{"line":43,"column":8},"end":{"line":43,"column":19}},{"start":{"line":44,"column":8},"end":{"line":44,"column":32}}]}},"s":{"0":1,"1":1,"2":1,"3":1,"4":2,"5":2,"6":2,"7":2,"8":1,"9":4,"10":4,"11":4,"12":2,"13":2,"14":2,"15":2,"16":2,"17":2,"18":2,"19":1},"f":{"0":2,"1":4},"b":{"0":[2,0],"1":[0,2],"2":[2,2],"3":[0,2],"4":[2,2],"5":[0,0]}}
,"/Users/apmfree/Desktop/CRYPTO-DCA/express-dca/src/utils.ts": {"path":"/Users/apmfree/Desktop/CRYPTO-DCA/express-dca/src/utils.ts","statementMap":{"0":{"start":{"line":1,"column":0},"end":{"line":1,"column":null}},"1":{"start":{"line":2,"column":2},"end":{"line":2,"column":null}},"2":{"start":{"line":3,"column":2},"end":{"line":3,"column":null}},"3":{"start":{"line":4,"column":2},"end":{"line":4,"column":null}},"4":{"start":{"line":13,"column":2},"end":{"line":13,"column":53}},"5":{"start":{"line":14,"column":2},"end":{"line":14,"column":22}},"6":{"start":{"line":12,"column":0},"end":{"line":12,"column":16}},"7":{"start":{"line":18,"column":2},"end":{"line":18,"column":59}},"8":{"start":{"line":18,"column":34},"end":{"line":18,"column":57}},"9":{"start":{"line":17,"column":0},"end":{"line":17,"column":16}}},"fnMap":{"0":{"name":"(anonymous_0)","decl":{"start":{"line":1,"column":0},"end":{"line":1,"column":12}},"loc":{"start":{"line":1,"column":20},"end":{"line":5,"column":1}}},"1":{"name":"panic","decl":{"start":{"line":12,"column":16},"end":{"line":12,"column":21}},"loc":{"start":{"line":12,"column":51},"end":{"line":15,"column":1}}},"2":{"name":"sleep","decl":{"start":{"line":17,"column":16},"end":{"line":17,"column":21}},"loc":{"start":{"line":17,"column":32},"end":{"line":19,"column":1}}},"3":{"name":"(anonymous_3)","decl":{"start":{"line":18,"column":21},"end":{"line":18,"column":22}},"loc":{"start":{"line":18,"column":34},"end":{"line":18,"column":57}}}},"branchMap":{"0":{"loc":{"start":{"line":1,"column":12},"end":{"line":1,"column":null}},"type":"binary-expr","locations":[{"start":{"line":1,"column":12},"end":{"line":1,"column":20}},{"start":{"line":1,"column":12},"end":{"line":1,"column":null}}]}},"s":{"0":1,"1":1,"2":1,"3":1,"4":0,"5":0,"6":1,"7":2,"8":2,"9":1},"f":{"0":1,"1":0,"2":2,"3":2},"b":{"0":[1,1]}}
,"/Users/apmfree/Desktop/CRYPTO-DCA/express-dca/src/axios/config.ts": {"path":"/Users/apmfree/Desktop/CRYPTO-DCA/express-dca/src/axios/config.ts","statementMap":{"0":{"start":{"line":1,"column":0},"end":{"line":1,"column":56}},"1":{"start":{"line":2,"column":0},"end":{"line":2,"column":54}},"2":{"start":{"line":5,"column":22},"end":{"line":8,"column":2}},"3":{"start":{"line":30,"column":8},"end":{"line":30,"column":21}},"4":{"start":{"line":10,"column":0},"end":{"line":28,"column":2}},"5":{"start":{"line":13,"column":35},"end":{"line":16,"column":null}},"6":{"start":{"line":19,"column":4},"end":{"line":19,"column":58}},"7":{"start":{"line":20,"column":4},"end":{"line":20,"column":49}},"8":{"start":{"line":21,"column":4},"end":{"line":21,"column":54}},"9":{"start":{"line":23,"column":4},"end":{"line":23,"column":18}},"10":{"start":{"line":26,"column":4},"end":{"line":26,"column":33}}},"fnMap":{"0":{"name":"(anonymous_1)","decl":{"start":{"line":11,"column":2},"end":{"line":11,"column":3}},"loc":{"start":{"line":11,"column":63},"end":{"line":24,"column":3}}},"1":{"name":"(anonymous_2)","decl":{"start":{"line":25,"column":2},"end":{"line":25,"column":3}},"loc":{"start":{"line":25,"column":12},"end":{"line":27,"column":3}}}},"branchMap":{"0":{"loc":{"start":{"line":14,"column":6},"end":{"line":14,"column":28}},"type":"binary-expr","locations":[{"start":{"line":14,"column":6},"end":{"line":14,"column":19}},{"start":{"line":14,"column":23},"end":{"line":14,"column":28}}]}},"s":{"0":1,"1":1,"2":1,"3":1,"4":1,"5":4,"6":4,"7":4,"8":4,"9":4,"10":0},"f":{"0":4,"1":0},"b":{"0":[4,0]}}
,"/Users/apmfree/Desktop/CRYPTO-DCA/express-dca/src/axios/generateSignature.ts": {"path":"/Users/apmfree/Desktop/CRYPTO-DCA/express-dca/src/axios/generateSignature.ts","statementMap":{"0":{"start":{"line":1,"column":0},"end":{"line":1,"column":33}},"1":{"start":{"line":2,"column":0},"end":{"line":2,"column":22}},"2":{"start":{"line":13,"column":20},"end":{"line":13,"column":60}},"3":{"start":{"line":14,"column":15},"end":{"line":14,"column":41}},"4":{"start":{"line":15,"column":14},"end":{"line":15,"column":53}},"5":{"start":{"line":16,"column":14},"end":{"line":16,"column":53}},"6":{"start":{"line":17,"column":2},"end":{"line":17,"column":37}},"7":{"start":{"line":5,"column":0},"end":{"line":5,"column":16}},"8":{"start":{"line":21,"column":15},"end":{"line":21,"column":47}},"9":{"start":{"line":22,"column":2},"end":{"line":22,"column":25}}},"fnMap":{"0":{"name":"generateSignature","decl":{"start":{"line":5,"column":16},"end":{"line":5,"column":33}},"loc":{"start":{"line":8,"column":35},"end":{"line":18,"column":1}}},"1":{"name":"sign","decl":{"start":{"line":20,"column":9},"end":{"line":20,"column":13}},"loc":{"start":{"line":20,"column":41},"end":{"line":23,"column":1}}}},"branchMap":{"0":{"loc":{"start":{"line":16,"column":24},"end":{"line":16,"column":52}},"type":"binary-expr","locations":[{"start":{"line":16,"column":24},"end":{"line":16,"column":46}},{"start":{"line":16,"column":50},"end":{"line":16,"column":52}}]}},"s":{"0":1,"1":1,"2":4,"3":4,"4":4,"5":4,"6":4,"7":1,"8":4,"9":4},"f":{"0":4,"1":4},"b":{"0":[4,0]}}
,"/Users/apmfree/Desktop/CRYPTO-DCA/express-dca/src/mocks/handlers.ts": {"path":"/Users/apmfree/Desktop/CRYPTO-DCA/express-dca/src/mocks/handlers.ts","statementMap":{"0":{"start":{"line":1,"column":0},"end":{"line":1,"column":null}},"1":{"start":{"line":9,"column":13},"end":{"line":36,"column":2}},"2":{"start":{"line":17,"column":6},"end":{"line":33,"column":null}},"3":{"start":{"line":19,"column":28},"end":{"line":19,"column":60}},"4":{"start":{"line":20,"column":29},"end":{"line":20,"column":62}},"5":{"start":{"line":21,"column":34},"end":{"line":21,"column":72}},"6":{"start":{"line":22,"column":8},"end":{"line":30,"column":12}},"7":{"start":{"line":23,"column":10},"end":{"line":23,"column":74}},"8":{"start":{"line":25,"column":10},"end":{"line":30,"column":12}},"9":{"start":{"line":32,"column":8},"end":{"line":32,"column":72}}},"fnMap":{"0":{"name":"(anonymous_0)","decl":{"start":{"line":12,"column":4},"end":{"line":12,"column":null}},"loc":{"start":{"line":16,"column":8},"end":{"line":34,"column":5}}}},"branchMap":{"0":{"loc":{"start":{"line":17,"column":6},"end":{"line":33,"column":null}},"type":"if","locations":[{"start":{"line":17,"column":6},"end":{"line":33,"column":null}},{"start":{"line":31,"column":13},"end":{"line":33,"column":null}}]},"1":{"loc":{"start":{"line":17,"column":10},"end":{"line":17,"column":67}},"type":"binary-expr","locations":[{"start":{"line":17,"column":10},"end":{"line":17,"column":38}},{"start":{"line":17,"column":42},"end":{"line":17,"column":67}}]},"2":{"loc":{"start":{"line":17,"column":10},"end":{"line":17,"column":25}},"type":"cond-expr","locations":[{"start":{"line":17,"column":19},"end":{"line":17,"column":21}},{"start":{"line":17,"column":19},"end":{"line":17,"column":25}}]},"3":{"loc":{"start":{"line":17,"column":10},"end":{"line":17,"column":21}},"type":"binary-expr","locations":[{"start":{"line":17,"column":10},"end":{"line":17,"column":21}},{"start":{"line":17,"column":19},"end":{"line":17,"column":21}}]},"4":{"loc":{"start":{"line":17,"column":10},"end":{"line":17,"column":19}},"type":"cond-expr","locations":[{"start":{"line":17,"column":13},"end":{"line":17,"column":15}},{"start":{"line":17,"column":10},"end":{"line":17,"column":19}}]},"5":{"loc":{"start":{"line":17,"column":10},"end":{"line":17,"column":15}},"type":"binary-expr","locations":[{"start":{"line":17,"column":10},"end":{"line":17,"column":15}},{"start":{"line":17,"column":10},"end":{"line":17,"column":15}}]},"6":{"loc":{"start":{"line":17,"column":42},"end":{"line":17,"column":57}},"type":"cond-expr","locations":[{"start":{"line":17,"column":51},"end":{"line":17,"column":53}},{"start":{"line":17,"column":51},"end":{"line":17,"column":57}}]},"7":{"loc":{"start":{"line":17,"column":42},"end":{"line":17,"column":53}},"type":"binary-expr","locations":[{"start":{"line":17,"column":42},"end":{"line":17,"column":53}},{"start":{"line":17,"column":51},"end":{"line":17,"column":53}}]},"8":{"loc":{"start":{"line":17,"column":42},"end":{"line":17,"column":51}},"type":"cond-expr","locations":[{"start":{"line":17,"column":45},"end":{"line":17,"column":47}},{"start":{"line":17,"column":42},"end":{"line":17,"column":51}}]},"9":{"loc":{"start":{"line":17,"column":42},"end":{"line":17,"column":47}},"type":"binary-expr","locations":[{"start":{"line":17,"column":42},"end":{"line":17,"column":47}},{"start":{"line":17,"column":42},"end":{"line":17,"column":47}}]},"10":{"loc":{"start":{"line":22,"column":8},"end":{"line":30,"column":12}},"type":"if","locations":[{"start":{"line":22,"column":8},"end":{"line":30,"column":12}},{"start":{"line":25,"column":10},"end":{"line":30,"column":12}}]},"11":{"loc":{"start":{"line":22,"column":12},"end":{"line":22,"column":63}},"type":"binary-expr","locations":[{"start":{"line":22,"column":12},"end":{"line":22,"column":30}},{"start":{"line":22,"column":34},"end":{"line":22,"column":47}},{"start":{"line":22,"column":51},"end":{"line":22,"column":63}}]}},"s":{"0":1,"1":1,"2":2,"3":2,"4":2,"5":2,"6":2,"7":0,"8":2,"9":0},"f":{"0":2},"b":{"0":[2,0],"1":[2,2],"2":[0,2],"3":[2,2],"4":[0,2],"5":[2,2],"6":[0,2],"7":[2,2],"8":[0,2],"9":[2,2],"10":[0,2],"11":[2,2,2]}}
,"/Users/apmfree/Desktop/CRYPTO-DCA/express-dca/src/mocks/server.ts": {"path":"/Users/apmfree/Desktop/CRYPTO-DCA/express-dca/src/mocks/server.ts","statementMap":{"0":{"start":{"line":1,"column":0},"end":{"line":1,"column":37}},"1":{"start":{"line":2,"column":0},"end":{"line":2,"column":36}},"2":{"start":{"line":4,"column":13},"end":{"line":4,"column":47}}},"fnMap":{},"branchMap":{},"s":{"0":1,"1":1,"2":1},"f":{},"b":{}}
}
