TN:
SF:src/accountStatus.ts
FN:7,checkAccountStatus
FN:18,(anonymous_10)
FNF:2
FNH:2
FNDA:2,checkAccountStatus
FNDA:6,(anonymous_10)
DA:1,1
DA:2,1
DA:3,1
DA:7,1
DA:10,2
DA:11,2
DA:14,2
DA:15,2
DA:16,2
DA:18,2
DA:19,6
DA:20,6
DA:21,6
DA:24,6
DA:25,6
DA:27,6
DA:33,2
DA:36,0
DA:37,0
DA:42,0
DA:46,0
LF:21
LH:17
BRDA:37,0,0,0
BRDA:37,0,1,0
BRDA:38,1,0,0
BRDA:38,1,1,0
BRDA:38,2,0,0
BRDA:38,2,1,0
BRDA:38,3,0,0
BRDA:38,3,1,0
BRDA:38,4,0,0
BRDA:38,4,1,0
BRDA:39,5,0,0
BRDA:39,5,1,0
BRF:12
BRH:0
end_of_record
TN:
SF:src/coin.config.ts
FNF:0
FNH:0
DA:6,1
LF:1
LH:1
BRF:0
BRH:0
end_of_record
TN:
SF:src/env.ts
FN:5,validateEnvironment
FN:7,(anonymous_2)
FN:18,setupEnvironment
FNF:3
FNH:3
FNDA:1,validateEnvironment
FNDA:3,(anonymous_2)
FNDA:1,setupEnvironment
DA:1,1
DA:2,1
DA:3,1
DA:6,1
DA:7,3
DA:9,1
DA:10,0
DA:14,0
DA:18,1
DA:19,1
DA:22,1
LF:11
LH:9
BRDA:9,0,0,0
BRF:1
BRH:0
end_of_record
TN:
SF:src/getPriceData.ts
FN:6,getPriceData
FNF:1
FNH:1
FNDA:3,getPriceData
DA:1,1
DA:2,1
DA:3,1
DA:6,1
DA:9,3
DA:10,3
DA:13,2
DA:15,2
DA:21,1
DA:22,1
DA:27,1
DA:31,1
LF:12
LH:12
BRDA:22,0,0,1
BRDA:22,0,1,0
BRDA:23,1,0,0
BRDA:23,1,1,1
BRDA:23,2,0,1
BRDA:23,2,1,1
BRDA:23,3,0,0
BRDA:23,3,1,1
BRDA:23,4,0,1
BRDA:23,4,1,1
BRDA:24,5,0,0
BRDA:24,5,1,0
BRF:12
BRH:7
end_of_record
TN:
SF:src/purchase.ts
FN:13,purchaseCrypto
FN:24,marketBuy
FNF:2
FNH:2
FNDA:2,purchaseCrypto
FNDA:4,marketBuy
DA:1,1
DA:2,1
DA:3,1
DA:4,1
DA:5,1
DA:13,1
DA:14,2
DA:15,2
DA:16,2
DA:18,2
DA:24,1
DA:25,4
DA:36,4
DA:38,4
DA:39,2
DA:40,2
DA:41,2
DA:42,2
DA:45,2
DA:46,2
DA:51,2
DA:55,2
DA:56,2
LF:23
LH:23
BRDA:46,0,0,2
BRDA:46,0,1,0
BRDA:47,1,0,0
BRDA:47,1,1,2
BRDA:47,2,0,2
BRDA:47,2,1,2
BRDA:47,3,0,0
BRDA:47,3,1,2
BRDA:47,4,0,2
BRDA:47,4,1,2
BRDA:48,5,0,0
BRDA:48,5,1,0
BRF:12
BRH:7
end_of_record
TN:
SF:src/utils.ts
FN:1,(anonymous_0)
FN:12,panic
FN:17,sleep
FN:18,(anonymous_3)
FNF:4
FNH:3
FNDA:1,(anonymous_0)
FNDA:0,panic
FNDA:4,sleep
FNDA:4,(anonymous_3)
DA:1,1
DA:2,1
DA:3,1
DA:4,1
DA:12,1
DA:13,0
DA:14,0
DA:17,1
DA:18,4
LF:9
LH:7
BRDA:1,0,0,1
BRDA:1,0,1,1
BRF:2
BRH:2
end_of_record
TN:
SF:src/axios/config.ts
FN:11,(anonymous_1)
FN:34,(anonymous_2)
FNF:2
FNH:1
FNDA:9,(anonymous_1)
FNDA:0,(anonymous_2)
DA:1,1
DA:2,1
DA:5,1
DA:10,1
DA:13,9
DA:14,9
DA:15,9
DA:16,9
DA:17,9
DA:19,9
DA:25,9
DA:26,9
DA:27,9
DA:28,9
DA:29,9
DA:30,9
DA:31,9
DA:32,9
DA:35,0
DA:39,1
LF:20
LH:19
BRDA:14,0,0,0
BRDA:14,0,1,9
BRDA:14,1,0,9
BRDA:14,1,1,9
BRDA:16,2,0,0
BRDA:16,2,1,9
BRDA:16,3,0,9
BRDA:16,3,1,9
BRDA:17,4,0,4
BRDA:17,4,1,5
BRDA:20,5,0,9
BRDA:20,5,1,0
BRDA:20,6,0,0
BRDA:20,6,1,9
BRDA:20,7,0,9
BRDA:20,7,1,9
BRF:16
BRH:12
end_of_record
TN:
SF:src/axios/generateSignature.ts
FN:5,generateSignature
FN:20,sign
FNF:2
FNH:2
FNDA:9,generateSignature
FNDA:9,sign
DA:1,1
DA:2,1
DA:5,1
DA:13,9
DA:14,9
DA:15,9
DA:16,9
DA:17,9
DA:21,9
DA:22,9
LF:10
LH:10
BRDA:16,0,0,9
BRDA:16,0,1,0
BRF:2
BRH:1
end_of_record
TN:
SF:src/mocks/constants.ts
FNF:0
FNH:0
DA:1,1
DA:2,1
DA:4,1
LF:3
LH:3
BRF:0
BRH:0
end_of_record
TN:
SF:src/mocks/handlers.ts
FN:16,(anonymous_0)
FN:22,(anonymous_1)
FNF:2
FNH:2
FNDA:2,(anonymous_0)
FNDA:3,(anonymous_1)
DA:1,1
DA:8,1
DA:9,1
DA:10,1
DA:12,1
DA:17,2
DA:23,3
DA:24,3
DA:25,2
DA:27,1
LF:10
LH:10
BRDA:24,0,0,2
BRDA:24,0,1,1
BRF:2
BRH:2
end_of_record
TN:
SF:src/mocks/mockData.ts
FNF:0
FNH:0
DA:3,1
DA:59,1
LF:2
LH:2
BRF:0
BRH:0
end_of_record
TN:
SF:src/mocks/orderResponse.ts
FN:8,(anonymous_0)
FNF:1
FNH:1
FNDA:2,(anonymous_0)
DA:8,1
DA:13,2
DA:15,2
DA:16,2
DA:17,2
DA:18,2
DA:19,0
DA:21,2
DA:41,0
LF:9
LH:7
BRDA:13,0,0,2
BRDA:13,0,1,0
BRDA:13,1,0,2
BRDA:13,1,1,2
BRDA:13,2,0,0
BRDA:13,2,1,2
BRDA:13,3,0,2
BRDA:13,3,1,2
BRDA:13,4,0,0
BRDA:13,4,1,2
BRDA:13,5,0,2
BRDA:13,5,1,2
BRDA:13,6,0,0
BRDA:13,6,1,2
BRDA:13,7,0,2
BRDA:13,7,1,2
BRDA:13,8,0,0
BRDA:13,8,1,2
BRDA:13,9,0,2
BRDA:13,9,1,2
BRDA:18,10,0,0
BRDA:18,10,1,2
BRDA:18,11,0,2
BRDA:18,11,1,2
BRDA:18,11,2,2
BRF:25
BRH:19
end_of_record
TN:
SF:src/mocks/server.ts
FNF:0
FNH:0
DA:1,1
DA:2,1
DA:4,1
LF:3
LH:3
BRF:0
BRH:0
end_of_record
