TN:
SF:src/coin.config.ts
FNF:0
FNH:0
DA:6,1
LF:1
LH:1
BRF:0
BRH:0
end_of_record
TN:
SF:src/env.ts
FN:5,validateEnvironment
FN:7,(anonymous_2)
FN:18,setupEnvironment
FNF:3
FNH:3
FNDA:1,validateEnvironment
FNDA:3,(anonymous_2)
FNDA:1,setupEnvironment
DA:1,1
DA:2,1
DA:3,1
DA:6,1
DA:7,3
DA:9,1
DA:10,0
DA:14,0
DA:18,1
DA:19,1
DA:22,1
LF:11
LH:9
BRDA:9,0,0,0
BRF:1
BRH:0
end_of_record
TN:
SF:src/purchase.ts
FN:13,purchaseCrypto
FN:24,marketBuy
FNF:2
FNH:2
FNDA:2,purchaseCrypto
FNDA:4,marketBuy
DA:1,1
DA:2,1
DA:3,1
DA:4,1
DA:5,1
DA:13,1
DA:14,2
DA:15,2
DA:16,2
DA:18,2
DA:24,1
DA:25,4
DA:36,4
DA:38,4
DA:39,3
DA:40,3
DA:41,3
DA:42,3
DA:45,1
DA:46,1
DA:51,1
DA:55,1
DA:56,1
LF:23
LH:23
BRDA:46,0,0,1
BRDA:46,0,1,0
BRDA:47,1,0,0
BRDA:47,1,1,1
BRDA:47,2,0,1
BRDA:47,2,1,1
BRDA:47,3,0,0
BRDA:47,3,1,1
BRDA:47,4,0,1
BRDA:47,4,1,1
BRDA:48,5,0,0
BRDA:48,5,1,0
BRF:12
BRH:7
end_of_record
TN:
SF:src/utils.ts
FN:1,(anonymous_0)
FN:12,panic
FN:17,sleep
FN:18,(anonymous_3)
FNF:4
FNH:3
FNDA:1,(anonymous_0)
FNDA:0,panic
FNDA:3,sleep
FNDA:3,(anonymous_3)
DA:1,1
DA:2,1
DA:3,1
DA:4,1
DA:12,1
DA:13,0
DA:14,0
DA:17,1
DA:18,3
LF:9
LH:7
BRDA:1,0,0,1
BRDA:1,0,1,1
BRF:2
BRH:2
end_of_record
TN:
SF:src/axios/config.ts
FN:11,(anonymous_1)
FN:31,(anonymous_2)
FNF:2
FNH:1
FNDA:4,(anonymous_1)
FNDA:0,(anonymous_2)
DA:1,1
DA:2,1
DA:5,1
DA:10,1
DA:13,4
DA:14,4
DA:15,4
DA:16,4
DA:22,4
DA:23,4
DA:24,4
DA:25,4
DA:26,4
DA:27,4
DA:28,4
DA:29,4
DA:32,0
DA:36,1
LF:18
LH:17
BRDA:14,0,0,0
BRDA:14,0,1,4
BRDA:14,1,0,4
BRDA:14,1,1,4
BRDA:17,2,0,4
BRDA:17,2,1,0
BRDA:17,3,0,0
BRDA:17,3,1,4
BRDA:17,4,0,4
BRDA:17,4,1,4
BRF:10
BRH:7
end_of_record
TN:
SF:src/axios/generateSignature.ts
FN:5,generateSignature
FN:26,sign
FNF:2
FNH:2
FNDA:4,generateSignature
FNDA:4,sign
DA:1,1
DA:2,1
DA:5,1
DA:13,4
DA:14,4
DA:15,4
DA:16,4
DA:17,4
DA:18,4
DA:19,4
DA:20,4
DA:21,4
DA:22,4
DA:23,4
DA:27,4
DA:28,4
LF:16
LH:16
BRDA:22,0,0,4
BRDA:22,0,1,0
BRF:2
BRH:1
end_of_record
TN:
SF:src/mocks/constants.ts
FNF:0
FNH:0
DA:1,1
LF:1
LH:1
BRF:0
BRH:0
end_of_record
TN:
SF:src/mocks/handlers.ts
FN:14,(anonymous_0)
FNF:1
FNH:1
FNDA:3,(anonymous_0)
DA:1,1
DA:9,1
DA:11,1
DA:19,3
DA:21,3
DA:22,3
DA:23,3
DA:24,3
DA:25,0
DA:27,3
DA:36,0
LF:11
LH:9
BRDA:19,0,0,3
BRDA:19,0,1,0
BRDA:19,1,0,3
BRDA:19,1,1,3
BRDA:19,2,0,0
BRDA:19,2,1,3
BRDA:19,3,0,3
BRDA:19,3,1,3
BRDA:19,4,0,0
BRDA:19,4,1,3
BRDA:19,5,0,3
BRDA:19,5,1,3
BRDA:19,6,0,0
BRDA:19,6,1,3
BRDA:19,7,0,3
BRDA:19,7,1,3
BRDA:19,8,0,0
BRDA:19,8,1,3
BRDA:19,9,0,3
BRDA:19,9,1,3
BRDA:24,10,0,0
BRDA:24,10,1,3
BRDA:24,11,0,3
BRDA:24,11,1,3
BRDA:24,11,2,3
BRF:25
BRH:19
end_of_record
TN:
SF:src/mocks/server.ts
FNF:0
FNH:0
DA:1,1
DA:2,1
DA:4,1
LF:3
LH:3
BRF:0
BRH:0
end_of_record
